<?xml version="1.0" encoding="UTF-8"?>
<!-- Generated by org.testng.reporters.JUnitXMLReporter -->
<testsuite ignored="8" hostname="RedmiBook" failures="1" tests="3" name="Test" time="94.473" errors="0" timestamp="2023-05-09T11:34:20 IST">
  <testcase classname="Contacts.CreateContactwithOrganizationWithPOM" name="createContactwithOrganizationWithPOM" time="28.641">
    <failure type="java.lang.AssertionError" message="expected [TestYantra829] but found [ TestYantra829]">
      <![CDATA[java.lang.AssertionError: expected [TestYantra829] but found [ TestYantra829]
at POM.ValidationandVerification.contactWithOrganizationValidation(ValidationandVerification.java:107)
at Contacts.CreateContactwithOrganizationWithPOM.createContactwithOrganizationWithPOM(CreateContactwithOrganizationWithPOM.java:70)
at java.base/java.util.ArrayList.forEach(ArrayList.java:1511)
... Removed 33 stack frames]]>
    </failure>
  </testcase> <!-- createContactwithOrganizationWithPOM -->
  <testcase classname="Campaigns.CreateCampaignWithProductWithPOM" name="CreateCampaignWithProduct" time="22.346"/>
  <testcase classname="organizations.CreateOrganizationWithPOM" name="createOrganizationWithPOM" time="13.299"/>
  <testcase classname="generic_utility.BaseClass" name="@AfterTest aT" time="0.0">
    <ignored/>
  </testcase> <!-- @AfterTest aT -->
  <testcase classname="generic_utility.BaseClass" name="@AfterTest aT" time="0.0">
    <ignored/>
  </testcase> <!-- @AfterTest aT -->
  <testcase classname="generic_utility.BaseClass" name="@BeforeTest bT" time="0.0">
    <ignored/>
  </testcase> <!-- @BeforeTest bT -->
  <testcase classname="generic_utility.BaseClass" name="@BeforeTest bT" time="0.0">
    <ignored/>
  </testcase> <!-- @BeforeTest bT -->
  <testcase classname="generic_utility.BaseClass" name="@AfterSuite aS" time="0.0">
    <ignored/>
  </testcase> <!-- @AfterSuite aS -->
  <testcase classname="generic_utility.BaseClass" name="@AfterSuite aS" time="0.0">
    <ignored/>
  </testcase> <!-- @AfterSuite aS -->
  <testcase classname="generic_utility.BaseClass" name="@BeforeSuite bS" time="0.0">
    <ignored/>
  </testcase> <!-- @BeforeSuite bS -->
  <testcase classname="generic_utility.BaseClass" name="@BeforeSuite bS" time="0.0">
    <ignored/>
  </testcase> <!-- @BeforeSuite bS -->
</testsuite> <!-- Test -->
